<?xml version="1.0" encoding="UTF-8"?>
<con:testCase id="f7e0b663-5be9-433d-9e5a-1015c1ecb259" discardOkResults="false" failOnError="true" failTestCaseOnErrors="true" keepSession="false" name="Test Case 1-new" searchProperties="true" timeout="0" xmlns:con="http://eviware.com/soapui/config"><con:settings><con:setting id="f7e0b663-5be9-433d-9e5a-1015c1ecb259fileName">Test-Case-1-new</con:setting></con:settings><con:testStep type="delay" name="Delay" id="3397283c-f8f6-45b1-a8a7-2fca8d9b12a1"><con:settings/><con:config><delay>1000</delay></con:config></con:testStep><con:properties/><con:reportParameters/></con:testCase>